<?xml version="1.0" encoding="UTF-8"?>
<!-- Generated by org.testng.reporters.JUnitReportReporter -->
<testsuite hostname="DESKTOP-TJL65OO" failures="0" tests="11" name="testrunner" time="658.978" errors="0" timestamp="13 Feb 2021 03:03:13 GMT">
  <testcase classname="testrunner" name="feature" time="8.120"/>
  <testcase classname="testrunner" name="feature" time="299.037"/>
  <testcase classname="testrunner" name="feature" time="99.654"/>
  <testcase classname="testrunner" name="feature" time="25.226"/>
  <testcase classname="testrunner" name="feature" time="25.302"/>
  <testcase classname="testrunner" name="feature" time="26.712"/>
  <testcase classname="testrunner" name="feature" time="25.280"/>
  <testcase classname="testrunner" name="feature" time="52.586"/>
  <testcase classname="testrunner" name="feature" time="38.408"/>
  <testcase classname="testrunner" name="feature" time="33.332"/>
  <testcase classname="testrunner" name="feature" time="25.321"/>
</testsuite> <!-- testrunner -->
