<?xml version="1.0" encoding="UTF-8"?>
<!-- Generated by org.testng.reporters.JUnitReportReporter -->
<testsuite hostname="DESKTOP-TJL65OO" failures="0" tests="5" name="testrunner" time="0.010" errors="0" timestamp="12 Feb 2021 00:31:41 GMT">
  <testcase classname="testrunner" name="feature" time="0.001"/>
  <testcase classname="testrunner" name="feature" time="0.001"/>
  <testcase classname="testrunner" name="feature" time="0.005"/>
  <testcase classname="testrunner" name="feature" time="0.000"/>
  <testcase classname="testrunner" name="feature" time="0.003"/>
</testsuite> <!-- testrunner -->
